<?xml version="1.0" encoding="utf-8"?><testsuites name="pytest tests"><testsuite name="pytest" errors="0" failures="0" skipped="0" tests="24" time="7.588" timestamp="2026-07-12T22:07:17.567207+00:00" hostname="agent-env-e69af9a3-5a88-49db-b940-a9cfd75c6ec0"><testcase classname="backend.tests.test_iteration4.TestPasswordFlows" name="test_forgot_password_returns_dev_otp" time="0.181" /><testcase classname="backend.tests.test_iteration4.TestPasswordFlows" name="test_forgot_unknown_email_no_leak" time="0.106" /><testcase classname="backend.tests.test_iteration4.TestPasswordFlows" name="test_reset_password_then_revert" time="0.816" /><testcase classname="backend.tests.test_iteration4.TestPasswordFlows" name="test_reset_password_bad_otp" time="0.098" /><testcase classname="backend.tests.test_iteration4.TestPasswordFlows" name="test_change_password_wrong_current" time="0.312" /><testcase classname="backend.tests.test_iteration4.TestNotifications" name="test_list_and_unread_count" time="0.194" /><testcase classname="backend.tests.test_iteration4.TestNotifications" name="test_ticket_creates_notification" time="0.301" /><testcase classname="backend.tests.test_iteration4.TestNotifications" name="test_mark_read_and_read_all" time="0.513" /><testcase classname="backend.tests.test_iteration4.TestSupport" name="test_faqs_no_auth" time="0.095" /><testcase classname="backend.tests.test_iteration4.TestSupport" name="test_list_my_tickets" time="0.234" /><testcase classname="backend.tests.test_iteration4.TestLabAdmin" name="test_lab_dashboard" time="0.259" /><testcase classname="backend.tests.test_iteration4.TestLabAdmin" name="test_lab_bookings_and_patch_flow" time="0.530" /><testcase classname="backend.tests.test_iteration4.TestLabAdmin" name="test_lab_admin_notifications_for_patient" time="0.404" /><testcase classname="backend.tests.test_iteration4.TestSuperAdmin" name="test_overview" time="0.283" /><testcase classname="backend.tests.test_iteration4.TestSuperAdmin" name="test_users_by_role" time="0.109" /><testcase classname="backend.tests.test_iteration4.TestSuperAdmin" name="test_suspend_unsuspend_cycle" time="0.415" /><testcase classname="backend.tests.test_iteration4.TestSuperAdmin" name="test_clinics_and_approve" time="0.215" /><testcase classname="backend.tests.test_iteration4.TestSuperAdmin" name="test_tickets_reply_creates_notification" time="0.441" /><testcase classname="backend.tests.test_iteration4.TestSuperAdmin" name="test_audit_logs_capture_suspend" time="0.442" /><testcase classname="backend.tests.test_iteration4.TestRBAC" name="test_patient_cannot_access_lab" time="0.199" /><testcase classname="backend.tests.test_iteration4.TestRBAC" name="test_patient_cannot_access_admin" time="0.517" /><testcase classname="backend.tests.test_iteration4.TestRBAC" name="test_lab_cannot_access_admin" time="0.096" /><testcase classname="backend.tests.test_iteration4.TestFollowUp" name="test_prescription_with_follow_up" time="0.472" /><testcase classname="backend.tests.test_iteration4.TestBookingNotification" name="test_new_lab_booking_notification" time="0.296" /></testsuite></testsuites>